Input keywords were read from brewer.TEMPLATE

Final input parameters:

    profile = ubp
    slow_start = True
    slow_increase = True
    n_roots = 3
    iroot = 0
    jroot = 1
    functional = CAM-B3LYP
    basis = cc-pvdz
    alpha = 0.02
    sigma = 3.5
    calc_nacme = False
    charge = 0
    mult = 1
    program = ORCA
    label = caffeine_min_1_1_1_ci_original_ci
    convergence = forced
    rassccf_params =
    caspt2_params =
    imag = 0.3
    geom = caffeine_min_1_1_1_ci_original.xyz
    mode = ci

Geometry was read from caffeine_min_1_1_1_ci_original.xyz.

The number of processors used is: 50


Optimization convergence threshold is: Max effective force < 0.05

Slow start requested. Geff is rescaled at this step by 0.10
      Step     Time          Energy         fmax
FIRE:    0 11:03:23     -679.920167        2.5461
Slow start requested. Geff is rescaled at this step by 0.10
FIRE:    1 11:05:15     -679.914615        1.4915
Slow start requested. Geff is rescaled at this step by 0.10
FIRE:    2 11:07:29     -679.899550        1.8308
Slow start requested. Geff is rescaled at this step by 0.10
FIRE:    3 11:09:36     -679.878033        2.2489
Slow start requested. Geff is rescaled at this step by 0.10
FIRE:    4 11:11:49     -679.855143        2.5979
Slow start requested. Geff is rescaled at this step by 0.10
FIRE:    5 11:13:55     -679.837818        3.3175
Slow start requested. Geff is rescaled at this step by 0.10
FIRE:    6 11:15:52     -679.834726        3.2297
Slow start requested. Geff is rescaled at this step by 0.10
FIRE:    7 11:17:53     -679.835470        2.8341
Slow start requested. Geff is rescaled at this step by 0.10
FIRE:    8 11:20:27     -679.838909        3.3220
FIRE:    9 11:22:34     -679.850312        2.5063
Slow start requested. Geff is rescaled at this step by 0.35
FIRE:   10 11:25:39     -679.853190        4.7326
Slow start requested. Geff is rescaled at this step by 0.40
FIRE:   11 11:27:47     -679.864646        3.5860
Slow start requested. Geff is rescaled at this step by 0.45
FIRE:   12 11:29:50     -679.872941        3.3343
Slow start requested. Geff is rescaled at this step by 0.50
FIRE:   13 11:33:08     -679.877648        3.0916
Slow start requested. Geff is rescaled at this step by 0.55
FIRE:   14 11:35:18     -679.880038        2.9225
Slow start requested. Geff is rescaled at this step by 0.60
FIRE:   15 11:37:26     -679.881054        2.7564
Slow start requested. Geff is rescaled at this step by 0.65
FIRE:   16 11:39:48     -679.882883        2.4228
Slow start requested. Geff is rescaled at this step by 0.70
FIRE:   17 11:41:59     -679.885166        1.9796
Slow start requested. Geff is rescaled at this step by 0.75
FIRE:   18 11:44:14     -679.887504        1.5145
Slow start requested. Geff is rescaled at this step by 0.80

ener0 deviation in the last 10 cycles =  0.01992905 hartree
ener1 deviation in the last 10 cycles =  0.01062838 hartree
D_E deviation in the last 10 cycles =  0.27441084 eV

FIRE:   19 11:46:57     -679.889571        1.6366
Slow start requested. Geff is rescaled at this step by 0.85
FIRE:   20 11:49:02     -679.891220        1.9244
Slow start requested. Geff is rescaled at this step by 0.90
FIRE:   21 11:51:37     -679.892490        2.1499
Slow start requested. Geff is rescaled at this step by 0.95
FIRE:   22 11:53:59     -679.893675        2.2455
FIRE:   23 11:56:33     -679.894862        2.0916
FIRE:   24 11:59:18     -679.894241        2.1546
FIRE:   25 12:01:48     -679.894722        2.0536
FIRE:   26 12:04:59     -679.895541        1.8455
FIRE:   27 12:08:10     -679.896451        1.5473
FIRE:   28 12:10:22     -679.897210        1.2464

ener0 deviation in the last 10 cycles =  0.00482652 hartree
ener1 deviation in the last 10 cycles =  0.00193216 hartree
D_E deviation in the last 10 cycles =  0.17287899 eV

FIRE:   29 12:12:32     -679.897717        1.2215
FIRE:   30 12:14:39     -679.898076        1.2951
FIRE:   31 12:16:49     -679.898441        1.3183
FIRE:   32 12:19:46     -679.898949        1.2724
FIRE:   33 12:21:56     -679.899603        1.1467
FIRE:   34 12:24:33     -679.900303        0.9433
FIRE:   35 12:26:56     -679.900902        0.7132
FIRE:   36 12:29:06     -679.901385        0.7154
FIRE:   37 12:31:50     -679.901954        0.9833
FIRE:   38 12:34:01     -679.902799        1.0097

ener0 deviation in the last 10 cycles =  0.00156892 hartree
ener1 deviation in the last 10 cycles =  0.00180262 hartree
D_E deviation in the last 10 cycles =  0.01668011 eV

FIRE:   39 12:36:42     -679.903806        0.6644
FIRE:   40 12:38:52     -679.904676        0.8282
FIRE:   41 12:41:01     -679.905719        0.7824
FIRE:   42 12:44:14     -679.906802        0.7260
FIRE:   43 12:46:27     -679.907589        0.7887
FIRE:   44 12:49:17     -679.908501        0.4337
FIRE:   45 12:51:29     -679.908994        1.0580
FIRE:   46 12:54:21     -679.909794        0.3229
FIRE:   47 12:56:49     -679.910246        0.8382
FIRE:   48 12:59:15     -679.910540        0.4464

ener0 deviation in the last 10 cycles =  0.00225295 hartree
ener1 deviation in the last 10 cycles =  0.00200965 hartree
D_E deviation in the last 10 cycles =  0.01161144 eV

FIRE:   49 13:01:57     -679.910815        0.2648
FIRE:   50 13:04:18     -679.910946        0.6170
FIRE:   51 13:07:31     -679.910984        0.5530
FIRE:   52 13:10:01     -679.911049        0.4317
FIRE:   53 13:12:11     -679.911125        0.2671
FIRE:   54 13:14:55     -679.911198        0.2245
FIRE:   55 13:17:08     -679.911264        0.2239
FIRE:   56 13:19:34     -679.911329        0.2451
FIRE:   57 13:22:04     -679.911405        0.3241
FIRE:   58 13:24:18     -679.911509        0.3332

ener0 deviation in the last 10 cycles =  0.00006833 hartree
ener1 deviation in the last 10 cycles =  0.00021771 hartree
D_E deviation in the last 10 cycles =  0.00416817 eV

FIRE:   59 13:27:01     -679.911643        0.2575
FIRE:   60 13:29:13     -679.911790        0.2054
FIRE:   61 13:31:35     -679.911927        0.1953
FIRE:   62 13:33:46     -679.912057        0.2362
FIRE:   63 13:36:17     -679.912215        0.2318
FIRE:   64 13:39:00     -679.912400        0.1906
FIRE:   65 13:41:11     -679.912572        0.2263
FIRE:   66 13:44:07     -679.912761        0.2819
FIRE:   67 13:46:18     -679.912993        0.1699
FIRE:   68 13:48:34     -679.913226        0.2229

ener0 deviation in the last 10 cycles =  0.00058447 hartree
ener1 deviation in the last 10 cycles =  0.00054836 hartree
D_E deviation in the last 10 cycles =  0.00252389 eV

FIRE:   69 13:51:20     -679.913532        0.1482
FIRE:   70 13:53:47     -679.913877        0.2653
FIRE:   71 13:56:36     -679.914325        0.1490
FIRE:   72 13:59:11     -679.914842        0.1399
FIRE:   73 14:01:41     -679.915397        0.3791
FIRE:   74 14:03:50     -679.915824        0.6639
FIRE:   75 14:06:53     -679.915767        1.2033
FIRE:   76 14:09:04     -679.916270        0.1946
FIRE:   77 14:11:14     -679.916125        0.9290
FIRE:   78 14:14:15     -679.916235        0.7454

ener0 deviation in the last 10 cycles =  0.00105098 hartree
ener1 deviation in the last 10 cycles =  0.00083234 hartree
D_E deviation in the last 10 cycles =  0.00844387 eV

FIRE:   79 14:16:26     -679.916378        0.4097
FIRE:   80 14:19:31     -679.916460        0.1310
FIRE:   81 14:21:42     -679.916458        0.3987
FIRE:   82 14:24:27     -679.916466        0.3776
FIRE:   83 14:26:38     -679.916480        0.3364
FIRE:   84 14:28:59     -679.916498        0.2776
FIRE:   85 14:31:40     -679.916518        0.2046
FIRE:   86 14:33:51     -679.916538        0.1262
FIRE:   87 14:36:45     -679.916556        0.1256
FIRE:   88 14:38:55     -679.916573        0.1249

ener0 deviation in the last 10 cycles =  0.00002358 hartree
ener1 deviation in the last 10 cycles =  0.00004652 hartree
D_E deviation in the last 10 cycles =  0.00160826 eV

FIRE:   89 14:41:17     -679.916591        0.1240
FIRE:   90 14:44:06     -679.916612        0.1779
FIRE:   91 14:46:45     -679.916637        0.2084
FIRE:   92 14:49:47     -679.916671        0.2046
FIRE:   93 14:51:55     -679.916714        0.1608
FIRE:   94 14:54:05     -679.916761        0.1151
FIRE:   95 14:56:48     -679.916807        0.1119
FIRE:   96 14:58:58     -679.916850        0.1323
FIRE:   97 15:01:47     -679.916896        0.1677
FIRE:   98 15:03:56     -679.916948        0.1152

ener0 deviation in the last 10 cycles =  0.00002798 hartree
ener1 deviation in the last 10 cycles =  0.00012612 hartree
D_E deviation in the last 10 cycles =  0.00393116 eV

FIRE:   99 15:06:24     -679.916997        0.0966
FIRE:  100 15:08:58     -679.917032        0.1277
FIRE:  101 15:11:08     -679.917069        0.1133
FIRE:  102 15:13:53     -679.917106        0.1047
FIRE:  103 15:16:04     -679.917140        0.1366
FIRE:  104 15:18:52     -679.917201        0.1014
FIRE:  105 15:21:00     -679.917287        0.1254
FIRE:  106 15:23:30     -679.917422        0.0781
FIRE:  107 15:26:03     -679.917594        0.0710
FIRE:  108 15:28:12     -679.917764        0.1754

ener0 deviation in the last 10 cycles =  0.00029820 hartree
ener1 deviation in the last 10 cycles =  0.00029246 hartree
D_E deviation in the last 10 cycles =  0.00297516 eV

FIRE:  109 15:30:33     -679.917906        0.3118
FIRE:  110 15:33:09     -679.917954        0.5353
FIRE:  111 15:35:40     -679.918043        0.0706
FIRE:  112 15:38:21     -679.917977        0.4580
FIRE:  113 15:40:39     -679.918003        0.3566
FIRE:  114 15:43:28     -679.918032        0.1776
FIRE:  115 15:45:36     -679.918043        0.0541
FIRE:  116 15:48:21     -679.918044        0.0540
FIRE:  117 15:50:58     -679.918044        0.0540
FIRE:  118 15:53:29     -679.918045        0.0539

ener0 deviation in the last 10 cycles =  0.00004144 hartree
ener1 deviation in the last 10 cycles =  0.00003181 hartree
D_E deviation in the last 10 cycles =  0.00040299 eV

FIRE:  119 15:56:00     -679.918046        0.0538
FIRE:  120 15:58:31     -679.918047        0.0536
FIRE:  121 16:01:08     -679.918049        0.0535
FIRE:  122 16:03:16     -679.918050        0.0533
Optimization converged due to lack of change in the last 10 iterations

FIRE:  123 16:05:24     -679.918052        0.0000


**************************


OPTIMIZATION HAS CONVERGED


**************************



WARNING: THERE IS NO ROTATION OF THE ANGLES SUCH AS PROPERTIES ARE FULFILLED

Beta has been rotated 0 * pi/2. Beta =  -1.5708 (-90.0000 deg)

pitch     =   0.7090
asymmetry =   0.9892
tilt      =   0.0691
theta     =  -0.5445 (-31.2000 deg)

With the rotation, the conditions 0 < theta < pi/2 and 0 < asymmetry are fulfiled: False

P and B values are:

  0.1205, Peaked
  0.1362, Bifurcating



Conical intersection characterization after convergence:
P = 0.121 -> Peaked conical.
B = 0.136 -> Bifurcating conical.
Auxiliary files were moved to AUX_FILES/


*****************************
          Meow meow
*****************************
